<?xml version="1.0" encoding="UTF-8"?>
<testsuite xmlns:xsi="http://www.w3.org/2001/XMLSchema-instance" xsi:noNamespaceSchemaLocation="https://maven.apache.org/surefire/maven-surefire-plugin/xsd/surefire-test-report-3.0.xsd" version="3.0" name="tek.capstone.framework.runner.TestRunner" time="81.096" tests="18" errors="0" skipped="0" failures="0">
  <properties>
[...]
</properties>
  <testcase name="Verify department sidebar options #1" classname="Retail Home Page" time="3.149">
    <system-out><![CDATA[
@all
Scenario Outline: Verify department sidebar options # features/Home.feature:20
{browser=edge, headless=true, url=https://tek-retail-ui.azurewebsites.net/}
 INFO [main] (SignInSteps.java:26)- user is on retail website
 INFO [main] (SignInSteps.java:27)- Actual Title React App Equals  ExpectedTitle React App
  Given User is on retail website                   # tek.capstone.framework.steps.SignInSteps.userIsOnRetailWebsite()
 INFO [main] (HomeSteps.java:22)- user clicked on All section
  When User click on All section                    # tek.capstone.framework.steps.HomeSteps.userClickOnAllSection()
  And User on 'department'                          # tek.capstone.framework.steps.HomeSteps.userOnElectronics(java.lang.String)
  Then below options are present in department      # tek.capstone.framework.steps.HomeSteps.belowOptionsArePresentInDepartment(io.cucumber.datatable.DataTable)
    | TV & Video | Video Games |
]]></system-out>
    <system-err><![CDATA[SLF4J: Failed to load class "org.slf4j.impl.StaticLoggerBinder".
SLF4J: Defaulting to no-operation (NOP) logger implementation
SLF4J: See http://www.slf4j.org/codes.html#StaticLoggerBinder for further details.
ERROR StatusLogger Log4j2 could not find a logging implementation. Please add log4j-core to the classpath. Using SimpleLogger to log to the console...
Starting Microsoft Edge WebDriver 111.0.1661.51 (5b30e0e79e572b7d6873934eb1b328c220c72c9b) on port 58638
To submit feedback, report a bug, or suggest new features, please visit https://github.com/MicrosoftEdge/EdgeWebDriver

Only local connections are allowed.
Please see https://aka.ms/WebDriverSecurity for suggestions on keeping Microsoft Edge WebDriver safe.

Microsoft Edge WebDriver was started successfully.
Mar 23, 2023 11:59:03 PM org.openqa.selenium.remote.ProtocolHandshake createSession
INFO: Detected upstream dialect: W3C
Mar 23, 2023 11:59:03 PM org.openqa.selenium.devtools.CdpVersionFinder findNearestMatch
WARNING: Unable to find an exact match for CDP version 111, so returning the closest version found: a no-op implementation
Mar 23, 2023 11:59:03 PM org.openqa.selenium.devtools.CdpVersionFinder findNearestMatch
INFO: Unable to find CDP implementation matching 111.
Mar 23, 2023 11:59:03 PM org.openqa.selenium.chromium.ChromiumDriver lambda$new$3
WARNING: Unable to find version of CDP to use for . You may need to include a dependency on a specific version of the CDP using something similar to `org.seleniumhq.selenium:selenium-devtools-v86:4.4.0` where the version ("v86") matches the version of the chromium-based browser you're using and the version number of the artifact is the same as Selenium's.
]]></system-err>
  </testcase>
  <testcase name="Verify department sidebar options #2" classname="Retail Home Page" time="1.845">
    <system-out><![CDATA[
@all
Scenario Outline: Verify department sidebar options # features/Home.feature:21
{browser=edge, headless=true, url=https://tek-retail-ui.azurewebsites.net/}
 INFO [main] (SignInSteps.java:26)- user is on retail website
 INFO [main] (SignInSteps.java:27)- Actual Title React App Equals  ExpectedTitle React App
  Given User is on retail website                   # tek.capstone.framework.steps.SignInSteps.userIsOnRetailWebsite()
 INFO [main] (HomeSteps.java:22)- user clicked on All section
  When User click on All section                    # tek.capstone.framework.steps.HomeSteps.userClickOnAllSection()
  And User on 'department'                          # tek.capstone.framework.steps.HomeSteps.userOnElectronics(java.lang.String)
  Then below options are present in department      # tek.capstone.framework.steps.HomeSteps.belowOptionsArePresentInDepartment(io.cucumber.datatable.DataTable)
    | Accessories | Networking |
]]></system-out>
    <system-err><![CDATA[Starting Microsoft Edge WebDriver 111.0.1661.51 (5b30e0e79e572b7d6873934eb1b328c220c72c9b) on port 53782
To submit feedback, report a bug, or suggest new features, please visit https://github.com/MicrosoftEdge/EdgeWebDriver

Only local connections are allowed.
Please see https://aka.ms/WebDriverSecurity for suggestions on keeping Microsoft Edge WebDriver safe.

Microsoft Edge WebDriver was started successfully.
Mar 23, 2023 11:59:05 PM org.openqa.selenium.remote.ProtocolHandshake createSession
INFO: Detected upstream dialect: W3C
Mar 23, 2023 11:59:05 PM org.openqa.selenium.devtools.CdpVersionFinder findNearestMatch
WARNING: Unable to find an exact match for CDP version 111, so returning the closest version found: a no-op implementation
Mar 23, 2023 11:59:05 PM org.openqa.selenium.devtools.CdpVersionFinder findNearestMatch
INFO: Unable to find CDP implementation matching 111.
Mar 23, 2023 11:59:05 PM org.openqa.selenium.chromium.ChromiumDriver lambda$new$3
WARNING: Unable to find version of CDP to use for . You may need to include a dependency on a specific version of the CDP using something similar to `org.seleniumhq.selenium:selenium-devtools-v86:4.4.0` where the version ("v86") matches the version of the chromium-based browser you're using and the version number of the artifact is the same as Selenium's.
]]></system-err>
  </testcase>
  <testcase name="Verify department sidebar options #3" classname="Retail Home Page" time="1.84">
    <system-out><![CDATA[
@all
Scenario Outline: Verify department sidebar options # features/Home.feature:22
{browser=edge, headless=true, url=https://tek-retail-ui.azurewebsites.net/}
 INFO [main] (SignInSteps.java:26)- user is on retail website
 INFO [main] (SignInSteps.java:27)- Actual Title React App Equals  ExpectedTitle React App
  Given User is on retail website                   # tek.capstone.framework.steps.SignInSteps.userIsOnRetailWebsite()
 INFO [main] (HomeSteps.java:22)- user clicked on All section
  When User click on All section                    # tek.capstone.framework.steps.HomeSteps.userClickOnAllSection()
  And User on 'department'                          # tek.capstone.framework.steps.HomeSteps.userOnElectronics(java.lang.String)
  Then below options are present in department      # tek.capstone.framework.steps.HomeSteps.belowOptionsArePresentInDepartment(io.cucumber.datatable.DataTable)
    | Smart Home Lightning | Plugs and Outlets |
]]></system-out>
    <system-err><![CDATA[Starting Microsoft Edge WebDriver 111.0.1661.51 (5b30e0e79e572b7d6873934eb1b328c220c72c9b) on port 56120
To submit feedback, report a bug, or suggest new features, please visit https://github.com/MicrosoftEdge/EdgeWebDriver

Only local connections are allowed.
Please see https://aka.ms/WebDriverSecurity for suggestions on keeping Microsoft Edge WebDriver safe.

Microsoft Edge WebDriver was started successfully.
Mar 23, 2023 11:59:07 PM org.openqa.selenium.remote.ProtocolHandshake createSession
INFO: Detected upstream dialect: W3C
Mar 23, 2023 11:59:07 PM org.openqa.selenium.devtools.CdpVersionFinder findNearestMatch
WARNING: Unable to find an exact match for CDP version 111, so returning the closest version found: a no-op implementation
Mar 23, 2023 11:59:07 PM org.openqa.selenium.devtools.CdpVersionFinder findNearestMatch
INFO: Unable to find CDP implementation matching 111.
Mar 23, 2023 11:59:07 PM org.openqa.selenium.chromium.ChromiumDriver lambda$new$3
WARNING: Unable to find version of CDP to use for . You may need to include a dependency on a specific version of the CDP using something similar to `org.seleniumhq.selenium:selenium-devtools-v86:4.4.0` where the version ("v86") matches the version of the chromium-based browser you're using and the version number of the artifact is the same as Selenium's.
]]></system-err>
  </testcase>
  <testcase name="Verify department sidebar options #4" classname="Retail Home Page" time="1.803">
    <system-out><![CDATA[
@all
Scenario Outline: Verify department sidebar options # features/Home.feature:23
{browser=edge, headless=true, url=https://tek-retail-ui.azurewebsites.net/}
 INFO [main] (SignInSteps.java:26)- user is on retail website
 INFO [main] (SignInSteps.java:27)- Actual Title React App Equals  ExpectedTitle React App
  Given User is on retail website                   # tek.capstone.framework.steps.SignInSteps.userIsOnRetailWebsite()
 INFO [main] (HomeSteps.java:22)- user clicked on All section
  When User click on All section                    # tek.capstone.framework.steps.HomeSteps.userClickOnAllSection()
  And User on 'department'                          # tek.capstone.framework.steps.HomeSteps.userOnElectronics(java.lang.String)
  Then below options are present in department      # tek.capstone.framework.steps.HomeSteps.belowOptionsArePresentInDepartment(io.cucumber.datatable.DataTable)
    | Athletic Clothing | Exercise & Fitness |
]]></system-out>
    <system-err><![CDATA[Starting Microsoft Edge WebDriver 111.0.1661.51 (5b30e0e79e572b7d6873934eb1b328c220c72c9b) on port 55415
To submit feedback, report a bug, or suggest new features, please visit https://github.com/MicrosoftEdge/EdgeWebDriver

Only local connections are allowed.
Please see https://aka.ms/WebDriverSecurity for suggestions on keeping Microsoft Edge WebDriver safe.

Microsoft Edge WebDriver was started successfully.
Mar 23, 2023 11:59:09 PM org.openqa.selenium.remote.ProtocolHandshake createSession
INFO: Detected upstream dialect: W3C
Mar 23, 2023 11:59:09 PM org.openqa.selenium.devtools.CdpVersionFinder findNearestMatch
WARNING: Unable to find an exact match for CDP version 111, so returning the closest version found: a no-op implementation
Mar 23, 2023 11:59:09 PM org.openqa.selenium.devtools.CdpVersionFinder findNearestMatch
INFO: Unable to find CDP implementation matching 111.
Mar 23, 2023 11:59:09 PM org.openqa.selenium.chromium.ChromiumDriver lambda$new$3
WARNING: Unable to find version of CDP to use for . You may need to include a dependency on a specific version of the CDP using something similar to `org.seleniumhq.selenium:selenium-devtools-v86:4.4.0` where the version ("v86") matches the version of the chromium-based browser you're using and the version number of the artifact is the same as Selenium's.
]]></system-err>
  </testcase>
  <testcase name="Verify department sidebar options #5" classname="Retail Home Page" time="1.727">
    <system-out><![CDATA[
@all
Scenario Outline: Verify department sidebar options # features/Home.feature:24
{browser=edge, headless=true, url=https://tek-retail-ui.azurewebsites.net/}
 INFO [main] (SignInSteps.java:26)- user is on retail website
 INFO [main] (SignInSteps.java:27)- Actual Title React App Equals  ExpectedTitle React App
  Given User is on retail website                   # tek.capstone.framework.steps.SignInSteps.userIsOnRetailWebsite()
 INFO [main] (HomeSteps.java:22)- user clicked on All section
  When User click on All section                    # tek.capstone.framework.steps.HomeSteps.userClickOnAllSection()
  And User on 'department'                          # tek.capstone.framework.steps.HomeSteps.userOnElectronics(java.lang.String)
  Then below options are present in department      # tek.capstone.framework.steps.HomeSteps.belowOptionsArePresentInDepartment(io.cucumber.datatable.DataTable)
    | Automative Parts & Accessories | MotorCycle & Powersports |
]]></system-out>
    <system-err><![CDATA[Starting Microsoft Edge WebDriver 111.0.1661.51 (5b30e0e79e572b7d6873934eb1b328c220c72c9b) on port 54672
To submit feedback, report a bug, or suggest new features, please visit https://github.com/MicrosoftEdge/EdgeWebDriver

Only local connections are allowed.
Please see https://aka.ms/WebDriverSecurity for suggestions on keeping Microsoft Edge WebDriver safe.

Microsoft Edge WebDriver was started successfully.
Mar 23, 2023 11:59:11 PM org.openqa.selenium.remote.ProtocolHandshake createSession
INFO: Detected upstream dialect: W3C
Mar 23, 2023 11:59:11 PM org.openqa.selenium.devtools.CdpVersionFinder findNearestMatch
WARNING: Unable to find an exact match for CDP version 111, so returning the closest version found: a no-op implementation
Mar 23, 2023 11:59:11 PM org.openqa.selenium.devtools.CdpVersionFinder findNearestMatch
INFO: Unable to find CDP implementation matching 111.
Mar 23, 2023 11:59:11 PM org.openqa.selenium.chromium.ChromiumDriver lambda$new$3
WARNING: Unable to find version of CDP to use for . You may need to include a dependency on a specific version of the CDP using something similar to `org.seleniumhq.selenium:selenium-devtools-v86:4.4.0` where the version ("v86") matches the version of the chromium-based browser you're using and the version number of the artifact is the same as Selenium's.
]]></system-err>
  </testcase>
  <testcase name="Verify User can update Profile Information" classname="Retail Account Page" time="3.499">
    <system-out><![CDATA[
@all @Updatedinformation
Scenario: Verify User can update Profile Information                  # features/RetailAccount.feature:12
{browser=edge, headless=true, url=https://tek-retail-ui.azurewebsites.net/}
 INFO [main] (SignInSteps.java:26)- user is on retail website
 INFO [main] (SignInSteps.java:27)- Actual Title React App Equals  ExpectedTitle React App
  Given User is on retail website                                     # tek.capstone.framework.steps.SignInSteps.userIsOnRetailWebsite()
 INFO [main] (SignInSteps.java:33)- User clicked on Sign in Option
  When User click on Sign in option                                   # tek.capstone.framework.steps.SignInSteps.userClickOnSignInOption()
 INFO [main] (SignInSteps.java:40)- User entered email Jsmith15@gmail.com and password Tek/123458
  And User enter email 'Jsmith15@gmail.com' and password 'Tek/123458' # tek.capstone.framework.steps.SignInSteps.userEnterEmailAndPassword(java.lang.String,java.lang.String)
 INFO [main] (SignInSteps.java:46)- User clicked on login button
  And User click on login button                                      # tek.capstone.framework.steps.SignInSteps.userClickOnLoginButton()
  And User should be logged in into Account                           # tek.capstone.framework.steps.SignInSteps.UserShouldBeLoggedInIntoAccount()
 INFO [main] (RetailAccountSteps.java:23)- user clicked on Account option
  When User click on Account option                                   # tek.capstone.framework.steps.RetailAccountSteps.userClickOnAccountOption()
 INFO [main] (RetailAccountSteps.java:33)- user updated Name and phone values
  And User update Name 'firstName' and Phone 'phoneNumber'            # tek.capstone.framework.steps.RetailAccountSteps.userUpdateNameNameValueAndPhonePhoneValue(java.lang.String,java.lang.String)
 INFO [main] (RetailAccountSteps.java:40)- user clicked on Update button
  And User click on Update button                                     # tek.capstone.framework.steps.RetailAccountSteps.userClickOnUpdateButton()
 INFO [main] (RetailAccountSteps.java:47)- user profile information Update
  Then user profile information should be updated                     # tek.capstone.framework.steps.RetailAccountSteps.userProfileInformationShouldBeUpdated()
]]></system-out>
    <system-err><![CDATA[Starting Microsoft Edge WebDriver 111.0.1661.51 (5b30e0e79e572b7d6873934eb1b328c220c72c9b) on port 56982
To submit feedback, report a bug, or suggest new features, please visit https://github.com/MicrosoftEdge/EdgeWebDriver

Only local connections are allowed.
Please see https://aka.ms/WebDriverSecurity for suggestions on keeping Microsoft Edge WebDriver safe.

Microsoft Edge WebDriver was started successfully.
Mar 23, 2023 11:59:13 PM org.openqa.selenium.remote.ProtocolHandshake createSession
INFO: Detected upstream dialect: W3C
Mar 23, 2023 11:59:13 PM org.openqa.selenium.devtools.CdpVersionFinder findNearestMatch
WARNING: Unable to find an exact match for CDP version 111, so returning the closest version found: a no-op implementation
Mar 23, 2023 11:59:13 PM org.openqa.selenium.devtools.CdpVersionFinder findNearestMatch
INFO: Unable to find CDP implementation matching 111.
Mar 23, 2023 11:59:13 PM org.openqa.selenium.chromium.ChromiumDriver lambda$new$3
WARNING: Unable to find version of CDP to use for . You may need to include a dependency on a specific version of the CDP using something similar to `org.seleniumhq.selenium:selenium-devtools-v86:4.4.0` where the version ("v86") matches the version of the chromium-based browser you're using and the version number of the artifact is the same as Selenium's.
]]></system-err>
  </testcase>
  <testcase name="Verify User can add a payment method" classname="Retail Account Page" time="2.821">
    <system-out><![CDATA[
@all @addpayment
Scenario: Verify User can add a payment method                           # features/RetailAccount.feature:19
{browser=edge, headless=true, url=https://tek-retail-ui.azurewebsites.net/}
 INFO [main] (SignInSteps.java:26)- user is on retail website
 INFO [main] (SignInSteps.java:27)- Actual Title React App Equals  ExpectedTitle React App
  Given User is on retail website                                        # tek.capstone.framework.steps.SignInSteps.userIsOnRetailWebsite()
 INFO [main] (SignInSteps.java:33)- User clicked on Sign in Option
  When User click on Sign in option                                      # tek.capstone.framework.steps.SignInSteps.userClickOnSignInOption()
 INFO [main] (SignInSteps.java:40)- User entered email Jsmith15@gmail.com and password Tek/123458
  And User enter email 'Jsmith15@gmail.com' and password 'Tek/123458'    # tek.capstone.framework.steps.SignInSteps.userEnterEmailAndPassword(java.lang.String,java.lang.String)
 INFO [main] (SignInSteps.java:46)- User clicked on login button
  And User click on login button                                         # tek.capstone.framework.steps.SignInSteps.userClickOnLoginButton()
  And User should be logged in into Account                              # tek.capstone.framework.steps.SignInSteps.UserShouldBeLoggedInIntoAccount()
 INFO [main] (RetailAccountSteps.java:23)- user clicked on Account option
  When User click on Account option                                      # tek.capstone.framework.steps.RetailAccountSteps.userClickOnAccountOption()
 INFO [main] (RetailAccountSteps.java:55)- User clicked on payment method link
  And User click on Add a payment method link                            # tek.capstone.framework.steps.RetailAccountSteps.userClickOnAddAPaymentMethodLink()
 INFO [main] (RetailAccountSteps.java:66)- User fill Debit or credit card information
  And User fill Debit or credit card information                         # tek.capstone.framework.steps.RetailAccountSteps.userFillDebitOrCreditCardInformation(io.cucumber.datatable.DataTable)
    | cardNumber       | nameOnCard | expirationMonth | expirationYear | securityCode |
    | 4000456743217880 | Alex       | 12              | 2026           | 125          |
 INFO [main] (RetailAccountSteps.java:72)- user click on Add your card button
  And User click on Add your card button                                 # tek.capstone.framework.steps.RetailAccountSteps.userClickOnAddYourCardButton()
  Then a message should be displayed 'Payment Method added successfully' # tek.capstone.framework.steps.RetailAccountSteps.aMessageShouldBeDisplayed(java.lang.String)
]]></system-out>
    <system-err><![CDATA[Starting Microsoft Edge WebDriver 111.0.1661.51 (5b30e0e79e572b7d6873934eb1b328c220c72c9b) on port 64552
To submit feedback, report a bug, or suggest new features, please visit https://github.com/MicrosoftEdge/EdgeWebDriver

Only local connections are allowed.
Please see https://aka.ms/WebDriverSecurity for suggestions on keeping Microsoft Edge WebDriver safe.

Microsoft Edge WebDriver was started successfully.
Mar 23, 2023 11:59:16 PM org.openqa.selenium.remote.ProtocolHandshake createSession
INFO: Detected upstream dialect: W3C
Mar 23, 2023 11:59:16 PM org.openqa.selenium.devtools.CdpVersionFinder findNearestMatch
WARNING: Unable to find an exact match for CDP version 111, so returning the closest version found: a no-op implementation
Mar 23, 2023 11:59:16 PM org.openqa.selenium.devtools.CdpVersionFinder findNearestMatch
INFO: Unable to find CDP implementation matching 111.
Mar 23, 2023 11:59:16 PM org.openqa.selenium.chromium.ChromiumDriver lambda$new$3
WARNING: Unable to find version of CDP to use for . You may need to include a dependency on a specific version of the CDP using something similar to `org.seleniumhq.selenium:selenium-devtools-v86:4.4.0` where the version ("v86") matches the version of the chromium-based browser you're using and the version number of the artifact is the same as Selenium's.
]]></system-err>
  </testcase>
  <testcase name="Verify User can edit Debit or Credit card" classname="Retail Account Page" time="10">
    <system-out><![CDATA[
@all @EditDebitCard
Scenario: Verify User can edit Debit or Credit card                        # features/RetailAccount.feature:29
{browser=edge, headless=true, url=https://tek-retail-ui.azurewebsites.net/}
 INFO [main] (SignInSteps.java:26)- user is on retail website
 INFO [main] (SignInSteps.java:27)- Actual Title React App Equals  ExpectedTitle React App
  Given User is on retail website                                          # tek.capstone.framework.steps.SignInSteps.userIsOnRetailWebsite()
 INFO [main] (SignInSteps.java:33)- User clicked on Sign in Option
  When User click on Sign in option                                        # tek.capstone.framework.steps.SignInSteps.userClickOnSignInOption()
 INFO [main] (SignInSteps.java:40)- User entered email Jsmith15@gmail.com and password Tek/123458
  And User enter email 'Jsmith15@gmail.com' and password 'Tek/123458'      # tek.capstone.framework.steps.SignInSteps.userEnterEmailAndPassword(java.lang.String,java.lang.String)
 INFO [main] (SignInSteps.java:46)- User clicked on login button
  And User click on login button                                           # tek.capstone.framework.steps.SignInSteps.userClickOnLoginButton()
  And User should be logged in into Account                                # tek.capstone.framework.steps.SignInSteps.UserShouldBeLoggedInIntoAccount()
 INFO [main] (RetailAccountSteps.java:23)- user clicked on Account option
  When User click on Account option                                        # tek.capstone.framework.steps.RetailAccountSteps.userClickOnAccountOption()
 INFO [main] (RetailAccountSteps.java:87)- user clicked on Edit option of card section
  And User click on Edit option of card section                            # tek.capstone.framework.steps.RetailAccountSteps.userClickOnEditOptionOfCardSection()
 INFO [main] (RetailAccountSteps.java:104)- user edit information with below data
  And user edit information with below data                                # tek.capstone.framework.steps.RetailAccountSteps.userEditInformationWithBelowData(io.cucumber.datatable.DataTable)
    | cardNumber       | nameOnCard | expirationMonth | expirationYear | securityCode |
    | 4000456743217000 | Alex       | 11              | 2026           | 135          |
 INFO [main] (RetailAccountSteps.java:112)- user click on Update Your Card button
  And user click on Update Your Card button                                # tek.capstone.framework.steps.RetailAccountSteps.userClickOnUpdateYourCardButton()
  Then a message should be displayed 'Payment Method updated Successfully' # tek.capstone.framework.steps.RetailAccountSteps.aMessageShouldBeDisplayed(java.lang.String)
]]></system-out>
    <system-err><![CDATA[Starting Microsoft Edge WebDriver 111.0.1661.51 (5b30e0e79e572b7d6873934eb1b328c220c72c9b) on port 57277
To submit feedback, report a bug, or suggest new features, please visit https://github.com/MicrosoftEdge/EdgeWebDriver

Only local connections are allowed.
Please see https://aka.ms/WebDriverSecurity for suggestions on keeping Microsoft Edge WebDriver safe.

Microsoft Edge WebDriver was started successfully.
Mar 23, 2023 11:59:19 PM org.openqa.selenium.remote.ProtocolHandshake createSession
INFO: Detected upstream dialect: W3C
Mar 23, 2023 11:59:19 PM org.openqa.selenium.devtools.CdpVersionFinder findNearestMatch
WARNING: Unable to find an exact match for CDP version 111, so returning the closest version found: a no-op implementation
Mar 23, 2023 11:59:19 PM org.openqa.selenium.devtools.CdpVersionFinder findNearestMatch
INFO: Unable to find CDP implementation matching 111.
Mar 23, 2023 11:59:19 PM org.openqa.selenium.chromium.ChromiumDriver lambda$new$3
WARNING: Unable to find version of CDP to use for . You may need to include a dependency on a specific version of the CDP using something similar to `org.seleniumhq.selenium:selenium-devtools-v86:4.4.0` where the version ("v86") matches the version of the chromium-based browser you're using and the version number of the artifact is the same as Selenium's.
]]></system-err>
  </testcase>
  <testcase name="Verify User can remove Debit or Credit card" classname="Retail Account Page" time="2.298">
    <system-out><![CDATA[
@all @RemoveDebitCard
Scenario: Verify User can remove Debit or Credit card                 # features/RetailAccount.feature:39
{browser=edge, headless=true, url=https://tek-retail-ui.azurewebsites.net/}
 INFO [main] (SignInSteps.java:26)- user is on retail website
 INFO [main] (SignInSteps.java:27)- Actual Title React App Equals  ExpectedTitle React App
  Given User is on retail website                                     # tek.capstone.framework.steps.SignInSteps.userIsOnRetailWebsite()
 INFO [main] (SignInSteps.java:33)- User clicked on Sign in Option
  When User click on Sign in option                                   # tek.capstone.framework.steps.SignInSteps.userClickOnSignInOption()
 INFO [main] (SignInSteps.java:40)- User entered email Jsmith15@gmail.com and password Tek/123458
  And User enter email 'Jsmith15@gmail.com' and password 'Tek/123458' # tek.capstone.framework.steps.SignInSteps.userEnterEmailAndPassword(java.lang.String,java.lang.String)
 INFO [main] (SignInSteps.java:46)- User clicked on login button
  And User click on login button                                      # tek.capstone.framework.steps.SignInSteps.userClickOnLoginButton()
  And User should be logged in into Account                           # tek.capstone.framework.steps.SignInSteps.UserShouldBeLoggedInIntoAccount()
 INFO [main] (RetailAccountSteps.java:23)- user clicked on Account option
  When User click on Account option                                   # tek.capstone.framework.steps.RetailAccountSteps.userClickOnAccountOption()
 INFO [main] (RetailAccountSteps.java:120)- User click on remove option of card section
  And User click on remove option of card section                     # tek.capstone.framework.steps.RetailAccountSteps.userClickOnRemoveOptionOfCardSection()
 INFO [main] (RetailAccountSteps.java:126)- payment details removed
  Then payment details should be removed                              # tek.capstone.framework.steps.RetailAccountSteps.paymentDetailsShouldBeRemoved()
]]></system-out>
    <system-err><![CDATA[Starting Microsoft Edge WebDriver 111.0.1661.51 (5b30e0e79e572b7d6873934eb1b328c220c72c9b) on port 49555
To submit feedback, report a bug, or suggest new features, please visit https://github.com/MicrosoftEdge/EdgeWebDriver

Only local connections are allowed.
Please see https://aka.ms/WebDriverSecurity for suggestions on keeping Microsoft Edge WebDriver safe.

Microsoft Edge WebDriver was started successfully.
Mar 23, 2023 11:59:29 PM org.openqa.selenium.remote.ProtocolHandshake createSession
INFO: Detected upstream dialect: W3C
Mar 23, 2023 11:59:29 PM org.openqa.selenium.devtools.CdpVersionFinder findNearestMatch
WARNING: Unable to find an exact match for CDP version 111, so returning the closest version found: a no-op implementation
Mar 23, 2023 11:59:29 PM org.openqa.selenium.devtools.CdpVersionFinder findNearestMatch
INFO: Unable to find CDP implementation matching 111.
Mar 23, 2023 11:59:29 PM org.openqa.selenium.chromium.ChromiumDriver lambda$new$3
WARNING: Unable to find version of CDP to use for . You may need to include a dependency on a specific version of the CDP using something similar to `org.seleniumhq.selenium:selenium-devtools-v86:4.4.0` where the version ("v86") matches the version of the chromium-based browser you're using and the version number of the artifact is the same as Selenium's.
]]></system-err>
  </testcase>
  <testcase name="Verify User can add an Address" classname="Retail Account Page" time="13.425">
    <system-out><![CDATA[
@all @addAddres
Scenario: Verify User can add an Address                              # features/RetailAccount.feature:45
{browser=edge, headless=true, url=https://tek-retail-ui.azurewebsites.net/}
 INFO [main] (SignInSteps.java:26)- user is on retail website
 INFO [main] (SignInSteps.java:27)- Actual Title React App Equals  ExpectedTitle React App
  Given User is on retail website                                     # tek.capstone.framework.steps.SignInSteps.userIsOnRetailWebsite()
 INFO [main] (SignInSteps.java:33)- User clicked on Sign in Option
  When User click on Sign in option                                   # tek.capstone.framework.steps.SignInSteps.userClickOnSignInOption()
 INFO [main] (SignInSteps.java:40)- User entered email Jsmith15@gmail.com and password Tek/123458
  And User enter email 'Jsmith15@gmail.com' and password 'Tek/123458' # tek.capstone.framework.steps.SignInSteps.userEnterEmailAndPassword(java.lang.String,java.lang.String)
 INFO [main] (SignInSteps.java:46)- User clicked on login button
  And User click on login button                                      # tek.capstone.framework.steps.SignInSteps.userClickOnLoginButton()
  And User should be logged in into Account                           # tek.capstone.framework.steps.SignInSteps.UserShouldBeLoggedInIntoAccount()
 INFO [main] (RetailAccountSteps.java:23)- user clicked on Account option
  When User click on Account option                                   # tek.capstone.framework.steps.RetailAccountSteps.userClickOnAccountOption()
 INFO [main] (RetailAccountSteps.java:134)- user clicked on Add address option
  And User click on Add address option                                # tek.capstone.framework.steps.RetailAccountSteps.userClickOnAddAddressOption()
 INFO [main] (RetailAccountSteps.java:156)- user filled the new addres form with information provided in data table 
  And user fill new address form with below information               # tek.capstone.framework.steps.RetailAccountSteps.userFillNewAddressFormWithBelowInformation(io.cucumber.datatable.DataTable)
    | country | fullName | phoneNumber | streetAddress | apt   | city  | state | zipCode |
    | value   | value    | value       | value         | value | value | value | value   |
 INFO [main] (RetailAccountSteps.java:164)- user clicked on Add your Address button
  And User click Add Your Address button                              # tek.capstone.framework.steps.RetailAccountSteps.userClickAddYourAddressButton()
  Then a message should be displayed 'Address Added Successfully'     # tek.capstone.framework.steps.RetailAccountSteps.aMessageShouldBeDisplayed(java.lang.String)
]]></system-out>
    <system-err><![CDATA[Starting Microsoft Edge WebDriver 111.0.1661.51 (5b30e0e79e572b7d6873934eb1b328c220c72c9b) on port 59677
To submit feedback, report a bug, or suggest new features, please visit https://github.com/MicrosoftEdge/EdgeWebDriver

Only local connections are allowed.
Please see https://aka.ms/WebDriverSecurity for suggestions on keeping Microsoft Edge WebDriver safe.

Microsoft Edge WebDriver was started successfully.
Mar 23, 2023 11:59:31 PM org.openqa.selenium.remote.ProtocolHandshake createSession
INFO: Detected upstream dialect: W3C
Mar 23, 2023 11:59:31 PM org.openqa.selenium.devtools.CdpVersionFinder findNearestMatch
WARNING: Unable to find an exact match for CDP version 111, so returning the closest version found: a no-op implementation
Mar 23, 2023 11:59:31 PM org.openqa.selenium.devtools.CdpVersionFinder findNearestMatch
INFO: Unable to find CDP implementation matching 111.
Mar 23, 2023 11:59:31 PM org.openqa.selenium.chromium.ChromiumDriver lambda$new$3
WARNING: Unable to find version of CDP to use for . You may need to include a dependency on a specific version of the CDP using something similar to `org.seleniumhq.selenium:selenium-devtools-v86:4.4.0` where the version ("v86") matches the version of the chromium-based browser you're using and the version number of the artifact is the same as Selenium's.
]]></system-err>
  </testcase>
  <testcase name="Verify User can edit an Address added on account" classname="Retail Account Page" time="9.185">
    <system-out><![CDATA[
@all @EditAddress
Scenario: Verify User can edit an Address added on account            # features/RetailAccount.feature:55
{browser=edge, headless=true, url=https://tek-retail-ui.azurewebsites.net/}
 INFO [main] (SignInSteps.java:26)- user is on retail website
 INFO [main] (SignInSteps.java:27)- Actual Title React App Equals  ExpectedTitle React App
  Given User is on retail website                                     # tek.capstone.framework.steps.SignInSteps.userIsOnRetailWebsite()
 INFO [main] (SignInSteps.java:33)- User clicked on Sign in Option
  When User click on Sign in option                                   # tek.capstone.framework.steps.SignInSteps.userClickOnSignInOption()
 INFO [main] (SignInSteps.java:40)- User entered email Jsmith15@gmail.com and password Tek/123458
  And User enter email 'Jsmith15@gmail.com' and password 'Tek/123458' # tek.capstone.framework.steps.SignInSteps.userEnterEmailAndPassword(java.lang.String,java.lang.String)
 INFO [main] (SignInSteps.java:46)- User clicked on login button
  And User click on login button                                      # tek.capstone.framework.steps.SignInSteps.userClickOnLoginButton()
  And User should be logged in into Account                           # tek.capstone.framework.steps.SignInSteps.UserShouldBeLoggedInIntoAccount()
 INFO [main] (RetailAccountSteps.java:23)- user clicked on Account option
  When User click on Account option                                   # tek.capstone.framework.steps.RetailAccountSteps.userClickOnAccountOption()
 INFO [main] (RetailAccountSteps.java:185)- User click on edit address option
  And User click on edit address option                               # tek.capstone.framework.steps.RetailAccountSteps.userClickOnEditAddressOption()
 INFO [main] (RetailAccountSteps.java:156)- user filled the new addres form with information provided in data table 
  And user fill new address form with below information               # tek.capstone.framework.steps.RetailAccountSteps.userFillNewAddressFormWithBelowInformation(io.cucumber.datatable.DataTable)
    | country | fullName | phoneNumber | streetAddress | apt   | city  | state | zipCode |
    | value   | value    | value       | value         | value | value | value | value   |
 INFO [main] (RetailAccountSteps.java:191)- User clicked update Your Address button
  And User click update Your Address button                           # tek.capstone.framework.steps.RetailAccountSteps.userClickUpdateYourAddressButton()
  Then a message should be displayed 'Address Updated Successfully'   # tek.capstone.framework.steps.RetailAccountSteps.aMessageShouldBeDisplayed(java.lang.String)
]]></system-out>
    <system-err><![CDATA[Starting Microsoft Edge WebDriver 111.0.1661.51 (5b30e0e79e572b7d6873934eb1b328c220c72c9b) on port 60928
To submit feedback, report a bug, or suggest new features, please visit https://github.com/MicrosoftEdge/EdgeWebDriver

Only local connections are allowed.
Please see https://aka.ms/WebDriverSecurity for suggestions on keeping Microsoft Edge WebDriver safe.

Microsoft Edge WebDriver was started successfully.
Mar 23, 2023 11:59:45 PM org.openqa.selenium.remote.ProtocolHandshake createSession
INFO: Detected upstream dialect: W3C
Mar 23, 2023 11:59:45 PM org.openqa.selenium.devtools.CdpVersionFinder findNearestMatch
WARNING: Unable to find an exact match for CDP version 111, so returning the closest version found: a no-op implementation
Mar 23, 2023 11:59:45 PM org.openqa.selenium.devtools.CdpVersionFinder findNearestMatch
INFO: Unable to find CDP implementation matching 111.
Mar 23, 2023 11:59:45 PM org.openqa.selenium.chromium.ChromiumDriver lambda$new$3
WARNING: Unable to find version of CDP to use for . You may need to include a dependency on a specific version of the CDP using something similar to `org.seleniumhq.selenium:selenium-devtools-v86:4.4.0` where the version ("v86") matches the version of the chromium-based browser you're using and the version number of the artifact is the same as Selenium's.
]]></system-err>
  </testcase>
  <testcase name="Verify User can remove Address from Account" classname="Retail Account Page" time="4.852">
    <system-out><![CDATA[
@all @RemoveAddress
Scenario: Verify User can remove Address from Account                 # features/RetailAccount.feature:65
{browser=edge, headless=true, url=https://tek-retail-ui.azurewebsites.net/}
 INFO [main] (SignInSteps.java:26)- user is on retail website
 INFO [main] (SignInSteps.java:27)- Actual Title React App Equals  ExpectedTitle React App
  Given User is on retail website                                     # tek.capstone.framework.steps.SignInSteps.userIsOnRetailWebsite()
 INFO [main] (SignInSteps.java:33)- User clicked on Sign in Option
  When User click on Sign in option                                   # tek.capstone.framework.steps.SignInSteps.userClickOnSignInOption()
 INFO [main] (SignInSteps.java:40)- User entered email Jsmith15@gmail.com and password Tek/123458
  And User enter email 'Jsmith15@gmail.com' and password 'Tek/123458' # tek.capstone.framework.steps.SignInSteps.userEnterEmailAndPassword(java.lang.String,java.lang.String)
 INFO [main] (SignInSteps.java:46)- User clicked on login button
  And User click on login button                                      # tek.capstone.framework.steps.SignInSteps.userClickOnLoginButton()
  And User should be logged in into Account                           # tek.capstone.framework.steps.SignInSteps.UserShouldBeLoggedInIntoAccount()
 INFO [main] (RetailAccountSteps.java:23)- user clicked on Account option
  When User click on Account option                                   # tek.capstone.framework.steps.RetailAccountSteps.userClickOnAccountOption()
  And User click on remove option of Address section                  # tek.capstone.framework.steps.RetailAccountSteps.userClickOnRemoveOptionOfAddressSection()
 INFO [main] (RetailAccountSteps.java:205)- Address details has been removed
  Then Address details should be removed                              # tek.capstone.framework.steps.RetailAccountSteps.addressDetailsShouldBeRemoved()
]]></system-out>
    <system-err><![CDATA[Starting Microsoft Edge WebDriver 111.0.1661.51 (5b30e0e79e572b7d6873934eb1b328c220c72c9b) on port 63491
To submit feedback, report a bug, or suggest new features, please visit https://github.com/MicrosoftEdge/EdgeWebDriver

Only local connections are allowed.
Please see https://aka.ms/WebDriverSecurity for suggestions on keeping Microsoft Edge WebDriver safe.

Microsoft Edge WebDriver was started successfully.
Mar 23, 2023 11:59:54 PM org.openqa.selenium.remote.ProtocolHandshake createSession
INFO: Detected upstream dialect: W3C
Mar 23, 2023 11:59:54 PM org.openqa.selenium.devtools.CdpVersionFinder findNearestMatch
WARNING: Unable to find an exact match for CDP version 111, so returning the closest version found: a no-op implementation
Mar 23, 2023 11:59:54 PM org.openqa.selenium.devtools.CdpVersionFinder findNearestMatch
INFO: Unable to find CDP implementation matching 111.
Mar 23, 2023 11:59:54 PM org.openqa.selenium.chromium.ChromiumDriver lambda$new$3
WARNING: Unable to find version of CDP to use for . You may need to include a dependency on a specific version of the CDP using something similar to `org.seleniumhq.selenium:selenium-devtools-v86:4.4.0` where the version ("v86") matches the version of the chromium-based browser you're using and the version number of the artifact is the same as Selenium's.
]]></system-err>
  </testcase>
  <testcase name="Verify User can Update password" classname="Retail Account Page" time="2.434">
    <system-out><![CDATA[
@all @Updatepassword
Scenario: Verify User can Update password                             # features/RetailAccount.feature:71
{browser=edge, headless=true, url=https://tek-retail-ui.azurewebsites.net/}
 INFO [main] (SignInSteps.java:26)- user is on retail website
 INFO [main] (SignInSteps.java:27)- Actual Title React App Equals  ExpectedTitle React App
  Given User is on retail website                                     # tek.capstone.framework.steps.SignInSteps.userIsOnRetailWebsite()
 INFO [main] (SignInSteps.java:33)- User clicked on Sign in Option
  When User click on Sign in option                                   # tek.capstone.framework.steps.SignInSteps.userClickOnSignInOption()
 INFO [main] (SignInSteps.java:40)- User entered email Jsmith15@gmail.com and password Tek/123458
  And User enter email 'Jsmith15@gmail.com' and password 'Tek/123458' # tek.capstone.framework.steps.SignInSteps.userEnterEmailAndPassword(java.lang.String,java.lang.String)
 INFO [main] (SignInSteps.java:46)- User clicked on login button
  And User click on login button                                      # tek.capstone.framework.steps.SignInSteps.userClickOnLoginButton()
  And User should be logged in into Account                           # tek.capstone.framework.steps.SignInSteps.UserShouldBeLoggedInIntoAccount()
 INFO [main] (RetailAccountSteps.java:23)- user clicked on Account option
  When User click on Account option                                   # tek.capstone.framework.steps.RetailAccountSteps.userClickOnAccountOption()
 INFO [main] (RetailAccountSteps.java:216)- user filled the new Password information form
  And User enter below information                                    # tek.capstone.framework.steps.RetailAccountSteps.userEnterBelowInformation(io.cucumber.datatable.DataTable)
    | previousPassword | newPassword   | confirmPassword |
    | 'Tek/123458'     | 'Tek/1234589' | 'Tek/1234589'   |
 INFO [main] (RetailAccountSteps.java:222)- user clicked on change password Button
  And User click on Change Password button                            # tek.capstone.framework.steps.RetailAccountSteps.userClickOnChangePasswordButton()
  Then a message should be displayed 'Password Updated Successfully'  # tek.capstone.framework.steps.RetailAccountSteps.aMessageShouldBeDisplayed(java.lang.String)
]]></system-out>
    <system-err><![CDATA[Starting Microsoft Edge WebDriver 111.0.1661.51 (5b30e0e79e572b7d6873934eb1b328c220c72c9b) on port 62122
To submit feedback, report a bug, or suggest new features, please visit https://github.com/MicrosoftEdge/EdgeWebDriver

Only local connections are allowed.
Please see https://aka.ms/WebDriverSecurity for suggestions on keeping Microsoft Edge WebDriver safe.

Microsoft Edge WebDriver was started successfully.
Mar 23, 2023 11:59:59 PM org.openqa.selenium.remote.ProtocolHandshake createSession
INFO: Detected upstream dialect: W3C
Mar 23, 2023 11:59:59 PM org.openqa.selenium.devtools.CdpVersionFinder findNearestMatch
WARNING: Unable to find an exact match for CDP version 111, so returning the closest version found: a no-op implementation
Mar 23, 2023 11:59:59 PM org.openqa.selenium.devtools.CdpVersionFinder findNearestMatch
INFO: Unable to find CDP implementation matching 111.
Mar 23, 2023 11:59:59 PM org.openqa.selenium.chromium.ChromiumDriver lambda$new$3
WARNING: Unable to find version of CDP to use for . You may need to include a dependency on a specific version of the CDP using something similar to `org.seleniumhq.selenium:selenium-devtools-v86:4.4.0` where the version ("v86") matches the version of the chromium-based browser you're using and the version number of the artifact is the same as Selenium's.
]]></system-err>
  </testcase>
  <testcase name="Verify User can cancel the order" classname="Retail Order Page" time="2.483">
    <system-out><![CDATA[
@all @cancelOrder
Scenario: Verify User can cancel the order                                       # features/RetailOrder.feature:5
{browser=edge, headless=true, url=https://tek-retail-ui.azurewebsites.net/}
 INFO [main] (SignInSteps.java:26)- user is on retail website
 INFO [main] (SignInSteps.java:27)- Actual Title React App Equals  ExpectedTitle React App
  Given User is on retail website                                                # tek.capstone.framework.steps.SignInSteps.userIsOnRetailWebsite()
 INFO [main] (SignInSteps.java:33)- User clicked on Sign in Option
  When User click on Sign in option                                              # tek.capstone.framework.steps.SignInSteps.userClickOnSignInOption()
 INFO [main] (SignInSteps.java:40)- User entered email Smitha75@gmail.com and password Tek/12345
  And User enter email 'Smitha75@gmail.com' and password 'Tek/12345'             # tek.capstone.framework.steps.SignInSteps.userEnterEmailAndPassword(java.lang.String,java.lang.String)
 INFO [main] (SignInSteps.java:46)- User clicked on login button
  And User click on login button                                                 # tek.capstone.framework.steps.SignInSteps.userClickOnLoginButton()
  And User should be logged in into Account                                      # tek.capstone.framework.steps.SignInSteps.UserShouldBeLoggedInIntoAccount()
 INFO [main] (RetailOrder.java:19)- User clicked on Order section
  And User click on Orders section                                               # tek.capstone.framework.steps.RetailOrder.userClickOnOrdersSection()
 INFO [main] (RetailOrder.java:25)- User clicked on first order in list
  And User click on first order in list                                          # tek.capstone.framework.steps.RetailOrder.userClickOnFirstOrderInList()
 INFO [main] (RetailOrder.java:31)- User clicked on Cancel The Order button
  And User click on Cancel The Order button                                      # tek.capstone.framework.steps.RetailOrder.userClickOnCancelTheOrderButton()
 INFO [main] (RetailOrder.java:37)- User selected the cancelation Reason
  And User select the cancelation Reason 'Bought wrong item'                     # tek.capstone.framework.steps.RetailOrder.userSelectTheCancelationReason(java.lang.String)
  And User click on Cancel Order button                                          # tek.capstone.framework.steps.RetailOrder.userClickOnCancelOrderButton()
 INFO [main] (RetailOrder.java:50)- Cancelation message displayed
  Then a cancelation message should be displayed 'Your Order Has Been Cancelled' # tek.capstone.framework.steps.RetailOrder.aCancelationMessageShouldBeDisplayedYourOrderHasBeenCancelled(java.lang.String)
]]></system-out>
    <system-err><![CDATA[Starting Microsoft Edge WebDriver 111.0.1661.51 (5b30e0e79e572b7d6873934eb1b328c220c72c9b) on port 64335
To submit feedback, report a bug, or suggest new features, please visit https://github.com/MicrosoftEdge/EdgeWebDriver

Only local connections are allowed.
Please see https://aka.ms/WebDriverSecurity for suggestions on keeping Microsoft Edge WebDriver safe.

Microsoft Edge WebDriver was started successfully.
Mar 24, 2023 12:00:01 AM org.openqa.selenium.remote.ProtocolHandshake createSession
INFO: Detected upstream dialect: W3C
Mar 24, 2023 12:00:01 AM org.openqa.selenium.devtools.CdpVersionFinder findNearestMatch
WARNING: Unable to find an exact match for CDP version 111, so returning the closest version found: a no-op implementation
Mar 24, 2023 12:00:01 AM org.openqa.selenium.devtools.CdpVersionFinder findNearestMatch
INFO: Unable to find CDP implementation matching 111.
Mar 24, 2023 12:00:01 AM org.openqa.selenium.chromium.ChromiumDriver lambda$new$3
WARNING: Unable to find version of CDP to use for . You may need to include a dependency on a specific version of the CDP using something similar to `org.seleniumhq.selenium:selenium-devtools-v86:4.4.0` where the version ("v86") matches the version of the chromium-based browser you're using and the version number of the artifact is the same as Selenium's.
]]></system-err>
  </testcase>
  <testcase name="Verify User can Return the order" classname="Retail Order Page" time="2.983">
    <system-out><![CDATA[
@all @ReturnOrder
Scenario: Verify User can Return the order                               # features/RetailOrder.feature:19
{browser=edge, headless=true, url=https://tek-retail-ui.azurewebsites.net/}
 INFO [main] (SignInSteps.java:26)- user is on retail website
 INFO [main] (SignInSteps.java:27)- Actual Title React App Equals  ExpectedTitle React App
  Given User is on retail website                                        # tek.capstone.framework.steps.SignInSteps.userIsOnRetailWebsite()
 INFO [main] (SignInSteps.java:33)- User clicked on Sign in Option
  When User click on Sign in option                                      # tek.capstone.framework.steps.SignInSteps.userClickOnSignInOption()
 INFO [main] (SignInSteps.java:40)- User entered email Smitha75@gmail.com and password Tek/12345
  And User enter email 'Smitha75@gmail.com' and password 'Tek/12345'     # tek.capstone.framework.steps.SignInSteps.userEnterEmailAndPassword(java.lang.String,java.lang.String)
 INFO [main] (SignInSteps.java:46)- User clicked on login button
  And User click on login button                                         # tek.capstone.framework.steps.SignInSteps.userClickOnLoginButton()
  And User should be logged in into Account                              # tek.capstone.framework.steps.SignInSteps.UserShouldBeLoggedInIntoAccount()
 INFO [main] (RetailOrder.java:19)- User clicked on Order section
  And User click on Orders section                                       # tek.capstone.framework.steps.RetailOrder.userClickOnOrdersSection()
 INFO [main] (RetailOrder.java:25)- User clicked on first order in list
  And User click on first order in list                                  # tek.capstone.framework.steps.RetailOrder.userClickOnFirstOrderInList()
 INFO [main] (RetailOrder.java:65)- User clicked on Return Items button
  And User click on Return Items button                                  # tek.capstone.framework.steps.RetailOrder.userClickOnReturnItemsButton()
 INFO [main] (RetailOrder.java:71)- User selected the Return Reason
  And User select the Return Reason 'Item damaged'                       # tek.capstone.framework.steps.RetailOrder.userSelectTheReturnReason(java.lang.String)
 INFO [main] (RetailOrder.java:77)- User selected the drop off service
  And User select the drop off service 'FedEx'                           # tek.capstone.framework.steps.RetailOrder.userSelectTheDropOffService(java.lang.String)
  And User click on Return Order button                                  # tek.capstone.framework.steps.RetailOrder.userClickOnReturnOrderButton()
 INFO [main] (RetailOrder.java:56)- Cancelation message displayed
  Then a cancelation message should be displayed 'Return was successful' # tek.capstone.framework.steps.RetailOrder.aCancelationMessageShouldBeDisplayedYourOrderHasBeenCancelled(java.lang.String)
]]></system-out>
    <system-err><![CDATA[Starting Microsoft Edge WebDriver 111.0.1661.51 (5b30e0e79e572b7d6873934eb1b328c220c72c9b) on port 56115
To submit feedback, report a bug, or suggest new features, please visit https://github.com/MicrosoftEdge/EdgeWebDriver

Only local connections are allowed.
Please see https://aka.ms/WebDriverSecurity for suggestions on keeping Microsoft Edge WebDriver safe.

Microsoft Edge WebDriver was started successfully.
Mar 24, 2023 12:00:04 AM org.openqa.selenium.remote.ProtocolHandshake createSession
INFO: Detected upstream dialect: W3C
Mar 24, 2023 12:00:04 AM org.openqa.selenium.devtools.CdpVersionFinder findNearestMatch
WARNING: Unable to find an exact match for CDP version 111, so returning the closest version found: a no-op implementation
Mar 24, 2023 12:00:04 AM org.openqa.selenium.devtools.CdpVersionFinder findNearestMatch
INFO: Unable to find CDP implementation matching 111.
Mar 24, 2023 12:00:04 AM org.openqa.selenium.chromium.ChromiumDriver lambda$new$3
WARNING: Unable to find version of CDP to use for . You may need to include a dependency on a specific version of the CDP using something similar to `org.seleniumhq.selenium:selenium-devtools-v86:4.4.0` where the version ("v86") matches the version of the chromium-based browser you're using and the version number of the artifact is the same as Selenium's.
]]></system-err>
  </testcase>
  <testcase name="Verify User can write a review on order placed" classname="Retail Order Page" time="8.683">
    <system-out><![CDATA[
@all @ReviewOrder
Scenario: Verify User can write a review on order placed                         # features/RetailOrder.feature:34
{browser=edge, headless=true, url=https://tek-retail-ui.azurewebsites.net/}
 INFO [main] (SignInSteps.java:26)- user is on retail website
 INFO [main] (SignInSteps.java:27)- Actual Title React App Equals  ExpectedTitle React App
  Given User is on retail website                                                # tek.capstone.framework.steps.SignInSteps.userIsOnRetailWebsite()
 INFO [main] (SignInSteps.java:33)- User clicked on Sign in Option
  When User click on Sign in option                                              # tek.capstone.framework.steps.SignInSteps.userClickOnSignInOption()
 INFO [main] (SignInSteps.java:40)- User entered email Smitha75@gmail.com and password Tek/12345
  And User enter email 'Smitha75@gmail.com' and password 'Tek/12345'             # tek.capstone.framework.steps.SignInSteps.userEnterEmailAndPassword(java.lang.String,java.lang.String)
 INFO [main] (SignInSteps.java:46)- User clicked on login button
  And User click on login button                                                 # tek.capstone.framework.steps.SignInSteps.userClickOnLoginButton()
  And User should be logged in into Account                                      # tek.capstone.framework.steps.SignInSteps.UserShouldBeLoggedInIntoAccount()
 INFO [main] (RetailOrder.java:19)- User clicked on Order section
  And User click on Orders section                                               # tek.capstone.framework.steps.RetailOrder.userClickOnOrdersSection()
 INFO [main] (RetailOrder.java:25)- User clicked on first order in list
  And User click on first order in list                                          # tek.capstone.framework.steps.RetailOrder.userClickOnFirstOrderInList()
 INFO [main] (RetailOrder.java:90)- User clicked on Review button
  And User click on Review button                                                # tek.capstone.framework.steps.RetailOrder.userClickOnReviewButton()
 INFO [main] (RetailOrder.java:98)- User write Review headline and Description
  And User write Review headline 'Excellent product' and 'Good Quality'          # tek.capstone.framework.steps.RetailOrder.userWriteReviewHeadlineAnd(java.lang.String,java.lang.String)
 INFO [main] (RetailOrder.java:105)- User clicked Add your Review button
  And User click Add your Review button                                          # tek.capstone.framework.steps.RetailOrder.userClickAddYourReviewButton()
 INFO [main] (RetailOrder.java:111)- Review message should be displayed
  Then a review message should be displayed 'Your review was added successfully' # tek.capstone.framework.steps.RetailOrder.aReviewMessageShouldBeDisplayed(java.lang.String)
]]></system-out>
    <system-err><![CDATA[Starting Microsoft Edge WebDriver 111.0.1661.51 (5b30e0e79e572b7d6873934eb1b328c220c72c9b) on port 64280
To submit feedback, report a bug, or suggest new features, please visit https://github.com/MicrosoftEdge/EdgeWebDriver

Only local connections are allowed.
Please see https://aka.ms/WebDriverSecurity for suggestions on keeping Microsoft Edge WebDriver safe.

Microsoft Edge WebDriver was started successfully.
Mar 24, 2023 12:00:07 AM org.openqa.selenium.remote.ProtocolHandshake createSession
INFO: Detected upstream dialect: W3C
Mar 24, 2023 12:00:07 AM org.openqa.selenium.devtools.CdpVersionFinder findNearestMatch
WARNING: Unable to find an exact match for CDP version 111, so returning the closest version found: a no-op implementation
Mar 24, 2023 12:00:07 AM org.openqa.selenium.devtools.CdpVersionFinder findNearestMatch
INFO: Unable to find CDP implementation matching 111.
Mar 24, 2023 12:00:07 AM org.openqa.selenium.chromium.ChromiumDriver lambda$new$3
WARNING: Unable to find version of CDP to use for . You may need to include a dependency on a specific version of the CDP using something similar to `org.seleniumhq.selenium:selenium-devtools-v86:4.4.0` where the version ("v86") matches the version of the chromium-based browser you're using and the version number of the artifact is the same as Selenium's.
]]></system-err>
  </testcase>
  <testcase name="Verify user can sign in into Retail Application" classname="Sign In Feature" time="2.413">
    <system-out><![CDATA[
@all
Scenario: Verify user can sign in into Retail Application            # features/SignIn.feature:4
{browser=edge, headless=true, url=https://tek-retail-ui.azurewebsites.net/}
 INFO [main] (SignInSteps.java:26)- user is on retail website
 INFO [main] (SignInSteps.java:27)- Actual Title React App Equals  ExpectedTitle React App
  Given User is on retail website                                    # tek.capstone.framework.steps.SignInSteps.userIsOnRetailWebsite()
 INFO [main] (SignInSteps.java:33)- User clicked on Sign in Option
  When User click on Sign in option                                  # tek.capstone.framework.steps.SignInSteps.userClickOnSignInOption()
 INFO [main] (SignInSteps.java:40)- User entered email Smitha65@gmail.com and password Tek/12345
  And User enter email 'Smitha65@gmail.com' and password 'Tek/12345' # tek.capstone.framework.steps.SignInSteps.userEnterEmailAndPassword(java.lang.String,java.lang.String)
 INFO [main] (SignInSteps.java:46)- User clicked on login button
  And User click on login button                                     # tek.capstone.framework.steps.SignInSteps.userClickOnLoginButton()
  Then User should be logged in into Account                         # tek.capstone.framework.steps.SignInSteps.UserShouldBeLoggedInIntoAccount()
]]></system-out>
    <system-err><![CDATA[Starting Microsoft Edge WebDriver 111.0.1661.51 (5b30e0e79e572b7d6873934eb1b328c220c72c9b) on port 56797
To submit feedback, report a bug, or suggest new features, please visit https://github.com/MicrosoftEdge/EdgeWebDriver

Only local connections are allowed.
Please see https://aka.ms/WebDriverSecurity for suggestions on keeping Microsoft Edge WebDriver safe.

Microsoft Edge WebDriver was started successfully.
Mar 24, 2023 12:00:15 AM org.openqa.selenium.remote.ProtocolHandshake createSession
INFO: Detected upstream dialect: W3C
Mar 24, 2023 12:00:15 AM org.openqa.selenium.devtools.CdpVersionFinder findNearestMatch
WARNING: Unable to find an exact match for CDP version 111, so returning the closest version found: a no-op implementation
Mar 24, 2023 12:00:15 AM org.openqa.selenium.devtools.CdpVersionFinder findNearestMatch
INFO: Unable to find CDP implementation matching 111.
Mar 24, 2023 12:00:15 AM org.openqa.selenium.chromium.ChromiumDriver lambda$new$3
WARNING: Unable to find version of CDP to use for . You may need to include a dependency on a specific version of the CDP using something similar to `org.seleniumhq.selenium:selenium-devtools-v86:4.4.0` where the version ("v86") matches the version of the chromium-based browser you're using and the version number of the artifact is the same as Selenium's.
]]></system-err>
  </testcase>
  <testcase name="Verify user can create an account into Retail Website" classname="Sign In Feature" time="5.11">
    <system-out><![CDATA[
@all
Scenario: Verify user can create an account into Retail Website # features/SignIn.feature:12
{browser=edge, headless=true, url=https://tek-retail-ui.azurewebsites.net/}
 INFO [main] (SignInSteps.java:26)- user is on retail website
 INFO [main] (SignInSteps.java:27)- Actual Title React App Equals  ExpectedTitle React App
  Given User is on retail website                               # tek.capstone.framework.steps.SignInSteps.userIsOnRetailWebsite()
 INFO [main] (SignInSteps.java:33)- User clicked on Sign in Option
  When User click on Sign in option                             # tek.capstone.framework.steps.SignInSteps.userClickOnSignInOption()
 INFO [main] (SignInSteps.java:58)- user clicked on Create New Account Button
  And User click on Create New Account button                   # tek.capstone.framework.steps.SignInSteps.userClickOnCreateNewAccountButton()
 INFO [main] (SignInSteps.java:70)- user filled the SignUp information form
  And User fill the signUp information with below data          # tek.capstone.framework.steps.SignInSteps.userFillTheSignUpInformationWithBelowData(io.cucumber.datatable.DataTable)
    | name     | email | password  | confirmPassword |
    | fullName | email | Tek/12345 | Tek/12345       |
 INFO [main] (SignInSteps.java:77)- user clicked on SignUpForm button
  And User click on SignUp button                               # tek.capstone.framework.steps.SignInSteps.userClickOnSignUpButton()
 INFO [main] (SignInSteps.java:85)- user is login into account page
  Then User should be logged into account page                  # tek.capstone.framework.steps.SignInSteps.userShouldBeLoggedIntoAccountPage()
]]></system-out>
    <system-err><![CDATA[Starting Microsoft Edge WebDriver 111.0.1661.51 (5b30e0e79e572b7d6873934eb1b328c220c72c9b) on port 57262
To submit feedback, report a bug, or suggest new features, please visit https://github.com/MicrosoftEdge/EdgeWebDriver

Only local connections are allowed.
Please see https://aka.ms/WebDriverSecurity for suggestions on keeping Microsoft Edge WebDriver safe.

Microsoft Edge WebDriver was started successfully.
Mar 24, 2023 12:00:18 AM org.openqa.selenium.remote.ProtocolHandshake createSession
INFO: Detected upstream dialect: W3C
Mar 24, 2023 12:00:18 AM org.openqa.selenium.devtools.CdpVersionFinder findNearestMatch
WARNING: Unable to find an exact match for CDP version 111, so returning the closest version found: a no-op implementation
Mar 24, 2023 12:00:18 AM org.openqa.selenium.devtools.CdpVersionFinder findNearestMatch
INFO: Unable to find CDP implementation matching 111.
Mar 24, 2023 12:00:18 AM org.openqa.selenium.chromium.ChromiumDriver lambda$new$3
WARNING: Unable to find version of CDP to use for . You may need to include a dependency on a specific version of the CDP using something similar to `org.seleniumhq.selenium:selenium-devtools-v86:4.4.0` where the version ("v86") matches the version of the chromium-based browser you're using and the version number of the artifact is the same as Selenium's.
]]></system-err>
  </testcase>
</testsuite>